model_version: 0.0.5.2
gpu_id: '0'
grad_accum_steps: 15
save_per_step: 10000
lr: 0.0005
num_warmup_steps: 10
num_epoch: 10
log_interval: 2
neg_loss_alpha: 1
pos_neg_ratio: 5
num_in_context_sample: 4
save_path: mnt/data_10t/flan_t5_distill/checkpoints/
base_model: google/flan-t5-base
loss_type: match_distribution
batch_mix_mode: fully_random
gradient_clip_val: 5.0
batch_size:
  in_context_chain_of_thought: 2
  in_context_answer_only: 10
  zero_shot_chain_of_thought: 8
  zero_shot_answer_only: 20
device_map:
  0:
  - 0
  - 1
  - 2
  - 3
  - 4
  - 5
  - 6
  - 7
  1:
  - 8
  - 9
  - 10
  - 11
  - 12
  - 13
  - 14
  - 15
  2:
  - 16
  - 17
  - 18
  - 19
  - 20
  - 21
  - 22
  - 23
data_formats:
- zero_shot_answer_only
- zero_shot_chain_of_thought
- in_context_answer_only
- in_context_chain_of_thought

1

2

04/18/2024, 20:59:43 Building batches ... 
04/18/2024, 20:59:43 number of batches:
04/18/2024, 20:59:43 zero_shot_answer_only: 24
04/18/2024, 20:59:43 zero_shot_chain_of_thought: 1726
04/18/2024, 20:59:43 in_context_answer_only: 48
04/18/2024, 20:59:43 in_context_chain_of_thought: 6904
3

04/18/2024, 20:59:43 Loading the model ... 
04/18/2024, 20:59:58 Model loaded in 14.9 seconds.
04/18/2024, 21:00:00 Start trainig, 130530 / 15 = 8702 batches in total
04/18/2024, 21:00:06 Epoch: 0, Iter: 29, Global step 2, Lr: 0.0001, Loss: 1.1156
04/18/2024, 21:00:12 Epoch: 0, Iter: 59, Global step 4, Lr: 0.0002, Loss: 0.9644
04/18/2024, 21:00:17 Epoch: 0, Iter: 89, Global step 6, Lr: 0.0003, Loss: 0.8646
1
04/18/2024, 21:00:22 Epoch: 0, Iter: 119, Global step 8, Lr: 0.0004, Loss: 0.8738
04/18/2024, 21:00:29 Epoch: 0, Iter: 149, Global step 10, Lr: 0.0005, Loss: 0.8378
04/18/2024, 21:00:37 Epoch: 0, Iter: 179, Global step 12, Lr: 0.0005, Loss: 0.8799
04/18/2024, 21:00:43 Epoch: 0, Iter: 209, Global step 14, Lr: 0.0005, Loss: 0.7461
04/18/2024, 21:00:48 Epoch: 0, Iter: 239, Global step 16, Lr: 0.0005, Loss: 0.7893
04/18/2024, 21:00:53 Epoch: 0, Iter: 269, Global step 18, Lr: 0.0005, Loss: 0.7231
1
1
04/18/2024, 21:00:59 Epoch: 0, Iter: 299, Global step 20, Lr: 0.0005, Loss: 0.9142
04/18/2024, 21:01:03 Epoch: 0, Iter: 329, Global step 22, Lr: 0.0005, Loss: 0.7090
04/18/2024, 21:01:09 Epoch: 0, Iter: 359, Global step 24, Lr: 0.0005, Loss: 0.7439
04/18/2024, 21:01:14 Epoch: 0, Iter: 389, Global step 26, Lr: 0.0005, Loss: 0.7867
04/18/2024, 21:01:19 Epoch: 0, Iter: 419, Global step 28, Lr: 0.0005, Loss: 0.7440
04/18/2024, 21:01:24 Epoch: 0, Iter: 449, Global step 30, Lr: 0.0005, Loss: 0.7560
04/18/2024, 21:01:29 Epoch: 0, Iter: 479, Global step 32, Lr: 0.0005, Loss: 0.6817
04/18/2024, 21:01:34 Epoch: 0, Iter: 509, Global step 34, Lr: 0.0005, Loss: 0.7214
04/18/2024, 21:01:39 Epoch: 0, Iter: 539, Global step 36, Lr: 0.0005, Loss: 0.7169
04/18/2024, 21:01:44 Epoch: 0, Iter: 569, Global step 38, Lr: 0.0005, Loss: 0.7034
04/18/2024, 21:01:50 Epoch: 0, Iter: 599, Global step 40, Lr: 0.0005, Loss: 0.7313
04/18/2024, 21:01:55 Epoch: 0, Iter: 629, Global step 42, Lr: 0.0005, Loss: 0.7215
1
04/18/2024, 21:02:00 Epoch: 0, Iter: 659, Global step 44, Lr: 0.0005, Loss: 0.8153
04/18/2024, 21:02:05 Epoch: 0, Iter: 689, Global step 46, Lr: 0.0005, Loss: 0.6437
04/18/2024, 21:02:11 Epoch: 0, Iter: 719, Global step 48, Lr: 0.0005, Loss: 0.6158
1
04/18/2024, 21:02:16 Epoch: 0, Iter: 749, Global step 50, Lr: 0.0005, Loss: 0.6283
04/18/2024, 21:02:21 Epoch: 0, Iter: 779, Global step 52, Lr: 0.0005, Loss: 0.7034
04/18/2024, 21:02:26 Epoch: 0, Iter: 809, Global step 54, Lr: 0.0005, Loss: 0.6630
1
04/18/2024, 21:02:31 Epoch: 0, Iter: 839, Global step 56, Lr: 0.0005, Loss: 0.7336
04/18/2024, 21:02:37 Epoch: 0, Iter: 869, Global step 58, Lr: 0.0005, Loss: 0.6799
04/18/2024, 21:02:42 Epoch: 0, Iter: 899, Global step 60, Lr: 0.0005, Loss: 0.6670
04/18/2024, 21:02:47 Epoch: 0, Iter: 929, Global step 62, Lr: 0.0005, Loss: 0.6375
1
04/18/2024, 21:02:52 Epoch: 0, Iter: 959, Global step 64, Lr: 0.0005, Loss: 0.7396
1
04/18/2024, 21:02:57 Epoch: 0, Iter: 989, Global step 66, Lr: 0.0005, Loss: 0.6463
04/18/2024, 21:03:04 Epoch: 0, Iter: 1019, Global step 68, Lr: 0.0005, Loss: 0.6904
04/18/2024, 21:03:09 Epoch: 0, Iter: 1049, Global step 70, Lr: 0.0005, Loss: 0.6549
1
04/18/2024, 21:03:15 Epoch: 0, Iter: 1079, Global step 72, Lr: 0.0005, Loss: 0.7205
04/18/2024, 21:03:20 Epoch: 0, Iter: 1109, Global step 74, Lr: 0.0005, Loss: 0.6993
1
04/18/2024, 21:03:25 Epoch: 0, Iter: 1139, Global step 76, Lr: 0.0005, Loss: 0.7359
04/18/2024, 21:03:30 Epoch: 0, Iter: 1169, Global step 78, Lr: 0.0005, Loss: 0.6073
1
04/18/2024, 21:03:35 Epoch: 0, Iter: 1199, Global step 80, Lr: 0.0005, Loss: 0.6963
1
04/18/2024, 21:03:40 Epoch: 0, Iter: 1229, Global step 82, Lr: 0.0005, Loss: 0.6604
1
04/18/2024, 21:03:45 Epoch: 0, Iter: 1259, Global step 84, Lr: 0.0005, Loss: 0.6359
04/18/2024, 21:03:50 Epoch: 0, Iter: 1289, Global step 86, Lr: 0.0005, Loss: 0.6464
04/18/2024, 21:03:56 Epoch: 0, Iter: 1319, Global step 88, Lr: 0.0005, Loss: 0.6894
04/18/2024, 21:04:01 Epoch: 0, Iter: 1349, Global step 90, Lr: 0.0005, Loss: 0.6039
04/18/2024, 21:04:06 Epoch: 0, Iter: 1379, Global step 92, Lr: 0.0005, Loss: 0.6467
04/18/2024, 21:04:11 Epoch: 0, Iter: 1409, Global step 94, Lr: 0.0005, Loss: 0.6829
04/18/2024, 21:04:16 Epoch: 0, Iter: 1439, Global step 96, Lr: 0.0005, Loss: 0.7021
04/18/2024, 21:04:21 Epoch: 0, Iter: 1469, Global step 98, Lr: 0.0005, Loss: 0.6374
04/18/2024, 21:04:26 Epoch: 0, Iter: 1499, Global step 100, Lr: 0.0005, Loss: 0.6891
04/18/2024, 21:04:31 Epoch: 0, Iter: 1529, Global step 102, Lr: 0.0005, Loss: 0.6292
04/18/2024, 21:04:37 Epoch: 0, Iter: 1559, Global step 104, Lr: 0.0005, Loss: 0.6432
04/18/2024, 21:04:41 Epoch: 0, Iter: 1589, Global step 106, Lr: 0.0005, Loss: 0.6551
04/18/2024, 21:04:47 Epoch: 0, Iter: 1619, Global step 108, Lr: 0.0005, Loss: 0.6541
04/18/2024, 21:04:52 Epoch: 0, Iter: 1649, Global step 110, Lr: 0.0005, Loss: 0.6510
04/18/2024, 21:04:57 Epoch: 0, Iter: 1679, Global step 112, Lr: 0.0005, Loss: 0.6028
04/18/2024, 21:05:03 Epoch: 0, Iter: 1709, Global step 114, Lr: 0.0005, Loss: 0.6526
1
04/18/2024, 21:05:08 Epoch: 0, Iter: 1739, Global step 116, Lr: 0.0005, Loss: 0.6530
04/18/2024, 21:05:13 Epoch: 0, Iter: 1769, Global step 118, Lr: 0.0005, Loss: 0.5843
04/18/2024, 21:05:18 Epoch: 0, Iter: 1799, Global step 120, Lr: 0.0005, Loss: 0.5648
04/18/2024, 21:05:22 Epoch: 0, Iter: 1829, Global step 122, Lr: 0.0005, Loss: 0.6451
04/18/2024, 21:05:28 Epoch: 0, Iter: 1859, Global step 124, Lr: 0.0005, Loss: 0.6742
04/18/2024, 21:05:32 Epoch: 0, Iter: 1889, Global step 126, Lr: 0.0005, Loss: 0.6274
04/18/2024, 21:05:38 Epoch: 0, Iter: 1919, Global step 128, Lr: 0.0005, Loss: 0.6628
1
04/18/2024, 21:05:43 Epoch: 0, Iter: 1949, Global step 130, Lr: 0.0005, Loss: 0.6496
04/18/2024, 21:05:48 Epoch: 0, Iter: 1979, Global step 132, Lr: 0.0005, Loss: 0.6972
04/18/2024, 21:05:53 Epoch: 0, Iter: 2009, Global step 134, Lr: 0.0005, Loss: 0.6728
04/18/2024, 21:05:58 Epoch: 0, Iter: 2039, Global step 136, Lr: 0.0005, Loss: 0.5646
1
04/18/2024, 21:06:03 Epoch: 0, Iter: 2069, Global step 138, Lr: 0.0005, Loss: 0.6939
04/18/2024, 21:06:08 Epoch: 0, Iter: 2099, Global step 140, Lr: 0.0005, Loss: 0.6520
04/18/2024, 21:06:13 Epoch: 0, Iter: 2129, Global step 142, Lr: 0.0005, Loss: 0.6688
1
04/18/2024, 21:06:18 Epoch: 0, Iter: 2159, Global step 144, Lr: 0.0005, Loss: 0.6088
04/18/2024, 21:06:23 Epoch: 0, Iter: 2189, Global step 146, Lr: 0.0005, Loss: 0.6591
1
04/18/2024, 21:06:28 Epoch: 0, Iter: 2219, Global step 148, Lr: 0.0005, Loss: 0.6050
04/18/2024, 21:06:33 Epoch: 0, Iter: 2249, Global step 150, Lr: 0.0005, Loss: 0.7025
04/18/2024, 21:06:38 Epoch: 0, Iter: 2279, Global step 152, Lr: 0.0005, Loss: 0.6665
04/18/2024, 21:06:43 Epoch: 0, Iter: 2309, Global step 154, Lr: 0.0005, Loss: 0.6830
1
04/18/2024, 21:06:48 Epoch: 0, Iter: 2339, Global step 156, Lr: 0.0005, Loss: 0.6357
1
04/18/2024, 21:06:54 Epoch: 0, Iter: 2369, Global step 158, Lr: 0.0005, Loss: 0.5619
04/18/2024, 21:06:59 Epoch: 0, Iter: 2399, Global step 160, Lr: 0.0005, Loss: 0.6394
04/18/2024, 21:07:04 Epoch: 0, Iter: 2429, Global step 162, Lr: 0.0005, Loss: 0.6117
04/18/2024, 21:07:09 Epoch: 0, Iter: 2459, Global step 164, Lr: 0.0005, Loss: 0.6106
04/18/2024, 21:07:14 Epoch: 0, Iter: 2489, Global step 166, Lr: 0.0005, Loss: 0.6130
04/18/2024, 21:07:19 Epoch: 0, Iter: 2519, Global step 168, Lr: 0.0005, Loss: 0.6381
1
04/18/2024, 21:07:24 Epoch: 0, Iter: 2549, Global step 170, Lr: 0.0005, Loss: 0.6894
04/18/2024, 21:07:29 Epoch: 0, Iter: 2579, Global step 172, Lr: 0.0005, Loss: 0.6069
04/18/2024, 21:07:34 Epoch: 0, Iter: 2609, Global step 174, Lr: 0.0005, Loss: 0.6181
04/18/2024, 21:07:39 Epoch: 0, Iter: 2639, Global step 176, Lr: 0.0005, Loss: 0.6498
04/18/2024, 21:07:47 Epoch: 0, Iter: 2669, Global step 178, Lr: 0.0005, Loss: 0.6400
04/18/2024, 21:07:52 Epoch: 0, Iter: 2699, Global step 180, Lr: 0.0005, Loss: 0.5884
1
04/18/2024, 21:07:57 Epoch: 0, Iter: 2729, Global step 182, Lr: 0.0005, Loss: 0.5812
1
1
04/18/2024, 21:08:02 Epoch: 0, Iter: 2759, Global step 184, Lr: 0.0005, Loss: 0.6064
04/18/2024, 21:08:07 Epoch: 0, Iter: 2789, Global step 186, Lr: 0.0005, Loss: 0.6432
04/18/2024, 21:08:13 Epoch: 0, Iter: 2819, Global step 188, Lr: 0.0005, Loss: 0.6423
04/18/2024, 21:08:18 Epoch: 0, Iter: 2849, Global step 190, Lr: 0.0005, Loss: 0.5503
1
04/18/2024, 21:08:22 Epoch: 0, Iter: 2879, Global step 192, Lr: 0.0005, Loss: 0.6146
1
1
04/18/2024, 21:08:28 Epoch: 0, Iter: 2909, Global step 194, Lr: 0.0005, Loss: 0.6482
04/18/2024, 21:08:33 Epoch: 0, Iter: 2939, Global step 196, Lr: 0.0005, Loss: 0.6037
04/18/2024, 21:08:38 Epoch: 0, Iter: 2969, Global step 198, Lr: 0.0005, Loss: 0.5574
04/18/2024, 21:08:43 Epoch: 0, Iter: 2999, Global step 200, Lr: 0.0005, Loss: 0.6598
04/18/2024, 21:08:48 Epoch: 0, Iter: 3029, Global step 202, Lr: 0.0005, Loss: 0.6002
04/18/2024, 21:08:53 Epoch: 0, Iter: 3059, Global step 204, Lr: 0.0005, Loss: 0.5878
04/18/2024, 21:08:58 Epoch: 0, Iter: 3089, Global step 206, Lr: 0.0005, Loss: 0.6724
04/18/2024, 21:09:03 Epoch: 0, Iter: 3119, Global step 208, Lr: 0.0005, Loss: 0.5361
04/18/2024, 21:09:09 Epoch: 0, Iter: 3149, Global step 210, Lr: 0.0005, Loss: 0.6103
04/18/2024, 21:09:13 Epoch: 0, Iter: 3179, Global step 212, Lr: 0.0005, Loss: 0.5697
04/18/2024, 21:09:18 Epoch: 0, Iter: 3209, Global step 214, Lr: 0.0005, Loss: 0.6425
1
04/18/2024, 21:09:24 Epoch: 0, Iter: 3239, Global step 216, Lr: 0.0005, Loss: 0.5510
04/18/2024, 21:09:29 Epoch: 0, Iter: 3269, Global step 218, Lr: 0.0005, Loss: 0.6068
04/18/2024, 21:09:34 Epoch: 0, Iter: 3299, Global step 220, Lr: 0.0005, Loss: 0.5766
04/18/2024, 21:09:39 Epoch: 0, Iter: 3329, Global step 222, Lr: 0.0005, Loss: 0.5414
1
04/18/2024, 21:09:44 Epoch: 0, Iter: 3359, Global step 224, Lr: 0.0005, Loss: 0.6371
04/18/2024, 21:09:50 Epoch: 0, Iter: 3389, Global step 226, Lr: 0.0005, Loss: 0.5863
04/18/2024, 21:09:55 Epoch: 0, Iter: 3419, Global step 228, Lr: 0.0005, Loss: 0.4913
1
04/18/2024, 21:10:00 Epoch: 0, Iter: 3449, Global step 230, Lr: 0.0005, Loss: 0.5621
04/18/2024, 21:10:05 Epoch: 0, Iter: 3479, Global step 232, Lr: 0.0005, Loss: 0.5687
04/18/2024, 21:10:10 Epoch: 0, Iter: 3509, Global step 234, Lr: 0.0005, Loss: 0.5266
04/18/2024, 21:10:15 Epoch: 0, Iter: 3539, Global step 236, Lr: 0.0005, Loss: 0.6173
04/18/2024, 21:10:20 Epoch: 0, Iter: 3569, Global step 238, Lr: 0.0005, Loss: 0.5976
04/18/2024, 21:10:25 Epoch: 0, Iter: 3599, Global step 240, Lr: 0.0005, Loss: 0.6108
04/18/2024, 21:10:30 Epoch: 0, Iter: 3629, Global step 242, Lr: 0.0005, Loss: 0.5783
1
04/18/2024, 21:10:35 Epoch: 0, Iter: 3659, Global step 244, Lr: 0.0005, Loss: 0.5757
04/18/2024, 21:10:40 Epoch: 0, Iter: 3689, Global step 246, Lr: 0.0005, Loss: 0.5360
1
04/18/2024, 21:10:45 Epoch: 0, Iter: 3719, Global step 248, Lr: 0.0005, Loss: 0.5493
04/18/2024, 21:10:50 Epoch: 0, Iter: 3749, Global step 250, Lr: 0.0005, Loss: 0.6362
04/18/2024, 21:10:55 Epoch: 0, Iter: 3779, Global step 252, Lr: 0.0005, Loss: 0.5240
04/18/2024, 21:11:00 Epoch: 0, Iter: 3809, Global step 254, Lr: 0.0005, Loss: 0.6134
1
1
04/18/2024, 21:11:05 Epoch: 0, Iter: 3839, Global step 256, Lr: 0.0005, Loss: 0.6117
04/18/2024, 21:11:10 Epoch: 0, Iter: 3869, Global step 258, Lr: 0.0005, Loss: 0.6301
04/18/2024, 21:11:15 Epoch: 0, Iter: 3899, Global step 260, Lr: 0.0005, Loss: 0.5755
04/18/2024, 21:11:20 Epoch: 0, Iter: 3929, Global step 262, Lr: 0.0005, Loss: 0.5917
04/18/2024, 21:11:26 Epoch: 0, Iter: 3959, Global step 264, Lr: 0.0005, Loss: 0.6249
1
04/18/2024, 21:11:31 Epoch: 0, Iter: 3989, Global step 266, Lr: 0.0005, Loss: 0.5567
1
04/18/2024, 21:11:36 Epoch: 0, Iter: 4019, Global step 268, Lr: 0.0005, Loss: 0.6933
04/18/2024, 21:11:41 Epoch: 0, Iter: 4049, Global step 270, Lr: 0.0005, Loss: 0.5128
04/18/2024, 21:11:46 Epoch: 0, Iter: 4079, Global step 272, Lr: 0.0005, Loss: 0.5653
04/18/2024, 21:11:51 Epoch: 0, Iter: 4109, Global step 274, Lr: 0.0005, Loss: 0.5617
04/18/2024, 21:11:56 Epoch: 0, Iter: 4139, Global step 276, Lr: 0.0005, Loss: 0.6169
04/18/2024, 21:12:01 Epoch: 0, Iter: 4169, Global step 278, Lr: 0.0005, Loss: 0.4592
04/18/2024, 21:12:06 Epoch: 0, Iter: 4199, Global step 280, Lr: 0.0005, Loss: 0.5775
04/18/2024, 21:12:11 Epoch: 0, Iter: 4229, Global step 282, Lr: 0.0005, Loss: 0.4853
1
04/18/2024, 21:12:16 Epoch: 0, Iter: 4259, Global step 284, Lr: 0.0005, Loss: 0.5957
1
04/18/2024, 21:12:21 Epoch: 0, Iter: 4289, Global step 286, Lr: 0.0005, Loss: 0.5223
04/18/2024, 21:12:28 Epoch: 0, Iter: 4319, Global step 288, Lr: 0.0005, Loss: 0.5598
04/18/2024, 21:12:33 Epoch: 0, Iter: 4349, Global step 290, Lr: 0.0005, Loss: 0.5401
04/18/2024, 21:12:37 Epoch: 0, Iter: 4379, Global step 292, Lr: 0.0005, Loss: 0.4967
1
04/18/2024, 21:12:42 Epoch: 0, Iter: 4409, Global step 294, Lr: 0.0005, Loss: 0.5838
04/18/2024, 21:12:47 Epoch: 0, Iter: 4439, Global step 296, Lr: 0.0005, Loss: 0.5084
04/18/2024, 21:12:52 Epoch: 0, Iter: 4469, Global step 298, Lr: 0.0005, Loss: 0.5787
04/18/2024, 21:12:57 Epoch: 0, Iter: 4499, Global step 300, Lr: 0.0005, Loss: 0.5832
1
04/18/2024, 21:13:02 Epoch: 0, Iter: 4529, Global step 302, Lr: 0.0005, Loss: 0.5244
04/18/2024, 21:13:08 Epoch: 0, Iter: 4559, Global step 304, Lr: 0.0005, Loss: 0.5445
04/18/2024, 21:13:13 Epoch: 0, Iter: 4589, Global step 306, Lr: 0.0005, Loss: 0.5908
04/18/2024, 21:13:18 Epoch: 0, Iter: 4619, Global step 308, Lr: 0.0005, Loss: 0.5207
04/18/2024, 21:13:23 Epoch: 0, Iter: 4649, Global step 310, Lr: 0.0005, Loss: 0.5560
04/18/2024, 21:13:28 Epoch: 0, Iter: 4679, Global step 312, Lr: 0.0005, Loss: 0.5030
04/18/2024, 21:13:33 Epoch: 0, Iter: 4709, Global step 314, Lr: 0.0005, Loss: 0.6593
04/18/2024, 21:13:38 Epoch: 0, Iter: 4739, Global step 316, Lr: 0.0005, Loss: 0.5625
04/18/2024, 21:13:43 Epoch: 0, Iter: 4769, Global step 318, Lr: 0.0005, Loss: 0.5798
04/18/2024, 21:13:48 Epoch: 0, Iter: 4799, Global step 320, Lr: 0.0005, Loss: 0.5354
04/18/2024, 21:13:53 Epoch: 0, Iter: 4829, Global step 322, Lr: 0.0005, Loss: 0.5339
04/18/2024, 21:13:58 Epoch: 0, Iter: 4859, Global step 324, Lr: 0.0005, Loss: 0.5531
04/18/2024, 21:14:03 Epoch: 0, Iter: 4889, Global step 326, Lr: 0.0005, Loss: 0.5919
04/18/2024, 21:14:08 Epoch: 0, Iter: 4919, Global step 328, Lr: 0.0005, Loss: 0.5534
04/18/2024, 21:14:13 Epoch: 0, Iter: 4949, Global step 330, Lr: 0.0005, Loss: 0.5054
04/18/2024, 21:14:18 Epoch: 0, Iter: 4979, Global step 332, Lr: 0.0005, Loss: 0.5215
04/18/2024, 21:14:24 Epoch: 0, Iter: 5009, Global step 334, Lr: 0.0005, Loss: 0.5437
04/18/2024, 21:14:29 Epoch: 0, Iter: 5039, Global step 336, Lr: 0.0005, Loss: 0.5354
04/18/2024, 21:14:34 Epoch: 0, Iter: 5069, Global step 338, Lr: 0.0005, Loss: 0.5171
04/18/2024, 21:14:39 Epoch: 0, Iter: 5099, Global step 340, Lr: 0.0005, Loss: 0.5215
04/18/2024, 21:14:45 Epoch: 0, Iter: 5129, Global step 342, Lr: 0.0005, Loss: 0.5596
1
04/18/2024, 21:14:50 Epoch: 0, Iter: 5159, Global step 344, Lr: 0.0005, Loss: 0.5307
1
04/18/2024, 21:14:55 Epoch: 0, Iter: 5189, Global step 346, Lr: 0.0005, Loss: 0.4820
04/18/2024, 21:15:00 Epoch: 0, Iter: 5219, Global step 348, Lr: 0.0005, Loss: 0.4802
04/18/2024, 21:15:05 Epoch: 0, Iter: 5249, Global step 350, Lr: 0.0005, Loss: 0.5583
04/18/2024, 21:15:10 Epoch: 0, Iter: 5279, Global step 352, Lr: 0.0005, Loss: 0.5511
04/18/2024, 21:15:16 Epoch: 0, Iter: 5309, Global step 354, Lr: 0.0005, Loss: 0.5426
04/18/2024, 21:15:20 Epoch: 0, Iter: 5339, Global step 356, Lr: 0.0005, Loss: 0.4772
04/18/2024, 21:15:25 Epoch: 0, Iter: 5369, Global step 358, Lr: 0.0005, Loss: 0.5120
04/18/2024, 21:15:30 Epoch: 0, Iter: 5399, Global step 360, Lr: 0.0005, Loss: 0.5407
1
1
04/18/2024, 21:15:36 Epoch: 0, Iter: 5429, Global step 362, Lr: 0.0005, Loss: 0.5962
04/18/2024, 21:15:41 Epoch: 0, Iter: 5459, Global step 364, Lr: 0.0005, Loss: 0.4751
04/18/2024, 21:15:46 Epoch: 0, Iter: 5489, Global step 366, Lr: 0.0005, Loss: 0.6067
1
04/18/2024, 21:15:51 Epoch: 0, Iter: 5519, Global step 368, Lr: 0.0005, Loss: 0.5448
04/18/2024, 21:15:56 Epoch: 0, Iter: 5549, Global step 370, Lr: 0.0005, Loss: 0.5640
04/18/2024, 21:16:02 Epoch: 0, Iter: 5579, Global step 372, Lr: 0.0005, Loss: 0.5908
04/18/2024, 21:16:07 Epoch: 0, Iter: 5609, Global step 374, Lr: 0.0005, Loss: 0.5638
04/18/2024, 21:16:12 Epoch: 0, Iter: 5639, Global step 376, Lr: 0.0005, Loss: 0.6244
04/18/2024, 21:16:17 Epoch: 0, Iter: 5669, Global step 378, Lr: 0.0005, Loss: 0.5179
1
04/18/2024, 21:16:22 Epoch: 0, Iter: 5699, Global step 380, Lr: 0.0005, Loss: 0.5169
04/18/2024, 21:16:28 Epoch: 0, Iter: 5729, Global step 382, Lr: 0.0005, Loss: 0.5212
04/18/2024, 21:16:33 Epoch: 0, Iter: 5759, Global step 384, Lr: 0.0005, Loss: 0.4921
1
04/18/2024, 21:16:38 Epoch: 0, Iter: 5789, Global step 386, Lr: 0.0005, Loss: 0.5276
04/18/2024, 21:16:43 Epoch: 0, Iter: 5819, Global step 388, Lr: 0.0005, Loss: 0.5919
04/18/2024, 21:16:48 Epoch: 0, Iter: 5849, Global step 390, Lr: 0.0005, Loss: 0.5307
04/18/2024, 21:16:53 Epoch: 0, Iter: 5879, Global step 392, Lr: 0.0005, Loss: 0.5209
1
04/18/2024, 21:16:58 Epoch: 0, Iter: 5909, Global step 394, Lr: 0.0005, Loss: 0.5175
04/18/2024, 21:17:03 Epoch: 0, Iter: 5939, Global step 396, Lr: 0.0005, Loss: 0.5202
1
04/18/2024, 21:17:10 Epoch: 0, Iter: 5969, Global step 398, Lr: 0.0005, Loss: 0.5559
04/18/2024, 21:17:15 Epoch: 0, Iter: 5999, Global step 400, Lr: 0.0005, Loss: 0.5001
04/18/2024, 21:17:20 Epoch: 0, Iter: 6029, Global step 402, Lr: 0.0005, Loss: 0.5477
04/18/2024, 21:17:25 Epoch: 0, Iter: 6059, Global step 404, Lr: 0.0005, Loss: 0.5690
04/18/2024, 21:17:31 Epoch: 0, Iter: 6089, Global step 406, Lr: 0.0005, Loss: 0.5144
04/18/2024, 21:17:36 Epoch: 0, Iter: 6119, Global step 408, Lr: 0.0005, Loss: 0.4949
04/18/2024, 21:17:41 Epoch: 0, Iter: 6149, Global step 410, Lr: 0.0005, Loss: 0.5616
04/18/2024, 21:17:46 Epoch: 0, Iter: 6179, Global step 412, Lr: 0.0005, Loss: 0.5819
1
04/18/2024, 21:17:51 Epoch: 0, Iter: 6209, Global step 414, Lr: 0.0005, Loss: 0.4967
04/18/2024, 21:17:57 Epoch: 0, Iter: 6239, Global step 416, Lr: 0.0005, Loss: 0.5099
1
04/18/2024, 21:18:01 Epoch: 0, Iter: 6269, Global step 418, Lr: 0.0005, Loss: 0.5640
04/18/2024, 21:18:06 Epoch: 0, Iter: 6299, Global step 420, Lr: 0.0005, Loss: 0.5097
1
04/18/2024, 21:18:12 Epoch: 0, Iter: 6329, Global step 422, Lr: 0.0005, Loss: 0.5814
04/18/2024, 21:18:17 Epoch: 0, Iter: 6359, Global step 424, Lr: 0.0005, Loss: 0.4941
1
04/18/2024, 21:18:22 Epoch: 0, Iter: 6389, Global step 426, Lr: 0.0005, Loss: 0.5654
04/18/2024, 21:18:28 Epoch: 0, Iter: 6419, Global step 428, Lr: 0.0005, Loss: 0.5813
1
04/18/2024, 21:18:33 Epoch: 0, Iter: 6449, Global step 430, Lr: 0.0005, Loss: 0.5180
04/18/2024, 21:18:38 Epoch: 0, Iter: 6479, Global step 432, Lr: 0.0005, Loss: 0.5408
1
1
04/18/2024, 21:18:43 Epoch: 0, Iter: 6509, Global step 434, Lr: 0.0005, Loss: 0.5302
04/18/2024, 21:18:48 Epoch: 0, Iter: 6539, Global step 436, Lr: 0.0005, Loss: 0.4843
04/18/2024, 21:18:53 Epoch: 0, Iter: 6569, Global step 438, Lr: 0.0005, Loss: 0.5415
04/18/2024, 21:18:58 Epoch: 0, Iter: 6599, Global step 440, Lr: 0.0005, Loss: 0.5358
04/18/2024, 21:19:04 Epoch: 0, Iter: 6629, Global step 442, Lr: 0.0005, Loss: 0.5233
1
04/18/2024, 21:19:09 Epoch: 0, Iter: 6659, Global step 444, Lr: 0.0005, Loss: 0.5347
04/18/2024, 21:19:14 Epoch: 0, Iter: 6689, Global step 446, Lr: 0.0005, Loss: 0.4805
1
04/18/2024, 21:19:20 Epoch: 0, Iter: 6719, Global step 448, Lr: 0.0005, Loss: 0.4776
04/18/2024, 21:19:25 Epoch: 0, Iter: 6749, Global step 450, Lr: 0.0005, Loss: 0.5095
04/18/2024, 21:19:30 Epoch: 0, Iter: 6779, Global step 452, Lr: 0.0005, Loss: 0.4805
04/18/2024, 21:19:35 Epoch: 0, Iter: 6809, Global step 454, Lr: 0.0005, Loss: 0.5724
04/18/2024, 21:19:40 Epoch: 0, Iter: 6839, Global step 456, Lr: 0.0005, Loss: 0.4888
04/18/2024, 21:19:46 Epoch: 0, Iter: 6869, Global step 458, Lr: 0.0005, Loss: 0.4842
04/18/2024, 21:19:51 Epoch: 0, Iter: 6899, Global step 460, Lr: 0.0005, Loss: 0.5901
04/18/2024, 21:19:55 Epoch: 0, Iter: 6929, Global step 462, Lr: 0.0005, Loss: 0.4842
04/18/2024, 21:20:00 Epoch: 0, Iter: 6959, Global step 464, Lr: 0.0005, Loss: 0.5085
04/18/2024, 21:20:05 Epoch: 0, Iter: 6989, Global step 466, Lr: 0.0005, Loss: 0.4957
04/18/2024, 21:20:10 Epoch: 0, Iter: 7019, Global step 468, Lr: 0.0005, Loss: 0.5159
1
04/18/2024, 21:20:16 Epoch: 0, Iter: 7049, Global step 470, Lr: 0.0005, Loss: 0.6398
1
04/18/2024, 21:20:21 Epoch: 0, Iter: 7079, Global step 472, Lr: 0.0005, Loss: 0.4771
04/18/2024, 21:20:26 Epoch: 0, Iter: 7109, Global step 474, Lr: 0.0005, Loss: 0.5379
04/18/2024, 21:20:31 Epoch: 0, Iter: 7139, Global step 476, Lr: 0.0005, Loss: 0.4929
04/18/2024, 21:20:36 Epoch: 0, Iter: 7169, Global step 478, Lr: 0.0005, Loss: 0.5343
04/18/2024, 21:20:42 Epoch: 0, Iter: 7199, Global step 480, Lr: 0.0005, Loss: 0.4959
04/18/2024, 21:20:47 Epoch: 0, Iter: 7229, Global step 482, Lr: 0.0005, Loss: 0.5010
04/18/2024, 21:20:52 Epoch: 0, Iter: 7259, Global step 484, Lr: 0.0005, Loss: 0.4997
04/18/2024, 21:20:58 Epoch: 0, Iter: 7289, Global step 486, Lr: 0.0005, Loss: 0.5012
04/18/2024, 21:21:03 Epoch: 0, Iter: 7319, Global step 488, Lr: 0.0005, Loss: 0.4923
04/18/2024, 21:21:08 Epoch: 0, Iter: 7349, Global step 490, Lr: 0.0005, Loss: 0.5728
1
04/18/2024, 21:21:13 Epoch: 0, Iter: 7379, Global step 492, Lr: 0.0005, Loss: 0.5427
04/18/2024, 21:21:18 Epoch: 0, Iter: 7409, Global step 494, Lr: 0.0005, Loss: 0.4726
04/18/2024, 21:21:22 Epoch: 0, Iter: 7439, Global step 496, Lr: 0.0005, Loss: 0.5121
1
04/18/2024, 21:21:26 Epoch: 0, Iter: 7469, Global step 498, Lr: 0.0005, Loss: 0.5682
04/18/2024, 21:21:30 Epoch: 0, Iter: 7499, Global step 500, Lr: 0.0005, Loss: 0.4913
04/18/2024, 21:21:35 Epoch: 0, Iter: 7529, Global step 502, Lr: 0.0005, Loss: 0.4976
04/18/2024, 21:21:39 Epoch: 0, Iter: 7559, Global step 504, Lr: 0.0005, Loss: 0.5053
04/18/2024, 21:21:45 Epoch: 0, Iter: 7589, Global step 506, Lr: 0.0005, Loss: 0.5463
04/18/2024, 21:21:50 Epoch: 0, Iter: 7619, Global step 508, Lr: 0.0005, Loss: 0.5536
04/18/2024, 21:21:56 Epoch: 0, Iter: 7649, Global step 510, Lr: 0.0005, Loss: 0.5143
